2025-03-28 17:35:01,576 - root - INFO - Starting job search for finance/trading/portfolio management/investment positions...
2025-03-28 17:35:01,577 - root - INFO - Initializing the database schema using schema file: schema.sql
2025-03-28 17:36:22,708 - root - INFO - Starting job search for finance/trading/portfolio management/investment positions...
2025-03-28 17:36:22,708 - root - INFO - Starting job search for finance/trading/portfolio management/investment positions...
2025-03-28 17:36:22,709 - root - INFO - Initializing the database schema using schema file: schema.sql
2025-03-28 17:36:22,709 - root - INFO - Initializing the database schema using schema file: schema.sql
2025-03-28 17:39:34,467 - root - INFO - Starting job search for finance/trading/portfolio management/investment positions...
2025-03-28 17:39:34,467 - root - INFO - Starting job search for finance/trading/portfolio management/investment positions...
2025-03-28 17:39:34,467 - root - INFO - Starting job search for finance/trading/portfolio management/investment positions...
2025-03-28 17:39:34,491 - root - INFO - Jobs table created or already exists.
2025-03-28 17:39:34,491 - root - INFO - Jobs table created or already exists.
2025-03-28 17:39:34,491 - root - INFO - Jobs table created or already exists.
2025-03-28 17:39:34,492 - root - INFO - Searching for jobs with query: 'quantitative trading'
2025-03-28 17:39:34,492 - root - INFO - Searching for jobs with query: 'quantitative trading'
2025-03-28 17:39:34,492 - root - INFO - Searching for jobs with query: 'quantitative trading'
2025-03-28 17:39:37,460 - root - INFO - Found 10 jobs for query 'quantitative trading'
2025-03-28 17:39:37,460 - root - INFO - Found 10 jobs for query 'quantitative trading'
2025-03-28 17:39:37,460 - root - INFO - Found 10 jobs for query 'quantitative trading'
2025-03-28 17:39:37,475 - root - INFO - Inserted 10 jobs for query 'quantitative trading' into the database.
2025-03-28 17:39:37,475 - root - INFO - Inserted 10 jobs for query 'quantitative trading' into the database.
2025-03-28 17:39:37,475 - root - INFO - Inserted 10 jobs for query 'quantitative trading' into the database.
2025-03-28 17:39:37,476 - root - INFO - Job scraping and database insertion complete.
2025-03-28 17:39:37,476 - root - INFO - Job scraping and database insertion complete.
2025-03-28 17:39:37,476 - root - INFO - Job scraping and database insertion complete.
2025-03-28 18:12:45,931 - numexpr.utils - INFO - Note: NumExpr detected 20 cores but "NUMEXPR_MAX_THREADS" not set, so enforcing safe limit of 8.
2025-03-28 18:12:45,932 - numexpr.utils - INFO - NumExpr defaulting to 8 threads.
2025-03-28 18:12:46,547 - root - INFO - Starting the full job scraping and resume matching pipeline...
2025-03-28 18:12:46,547 - root - INFO - Starting the full job scraping and resume matching pipeline...
2025-03-28 18:12:46,547 - root - INFO - Starting job search for finance/trading/portfolio management/investment positions...
2025-03-28 18:12:46,547 - root - INFO - Starting job search for finance/trading/portfolio management/investment positions...
2025-03-28 18:12:46,559 - root - INFO - Jobs table created or already exists.
2025-03-28 18:12:46,559 - root - INFO - Jobs table created or already exists.
2025-03-28 18:12:46,559 - root - INFO - Searching for jobs with query: 'quantitative trading'
2025-03-28 18:12:46,559 - root - INFO - Searching for jobs with query: 'quantitative trading'
2025-03-28 18:12:49,654 - root - INFO - Found 10 jobs for query 'quantitative trading'
2025-03-28 18:12:49,654 - root - INFO - Found 10 jobs for query 'quantitative trading'
2025-03-28 18:12:49,667 - root - INFO - Inserted 10 jobs for query 'quantitative trading' into the database.
2025-03-28 18:12:49,667 - root - INFO - Inserted 10 jobs for query 'quantitative trading' into the database.
2025-03-28 18:12:49,669 - root - INFO - Job scraping and database insertion complete.
2025-03-28 18:12:49,669 - root - INFO - Job scraping and database insertion complete.
2025-03-28 18:12:49,723 - root - INFO - Computed similarity scores for 50 jobs.
2025-03-28 18:12:49,723 - root - INFO - Computed similarity scores for 50 jobs.
2025-03-28 18:12:49,735 - root - INFO - Updated similarity scores for 50 jobs.
2025-03-28 18:12:49,735 - root - INFO - Updated similarity scores for 50 jobs.
2025-03-28 18:12:49,736 - root - INFO - Pipeline complete.
2025-03-28 18:12:49,736 - root - INFO - Pipeline complete.
2025-03-28 18:19:15,129 - root - INFO - Added column similarity_score_sbert to jobs table.
2025-03-28 18:19:15,129 - root - INFO - Added column similarity_score_sbert to jobs table.
2025-03-28 18:19:15,129 - root - INFO - Added column similarity_score_sbert to jobs table.
2025-03-28 18:19:15,135 - sentence_transformers.SentenceTransformer - INFO - Use pytorch device_name: cpu
2025-03-28 18:19:15,135 - sentence_transformers.SentenceTransformer - INFO - Use pytorch device_name: cpu
2025-03-28 18:19:15,135 - sentence_transformers.SentenceTransformer - INFO - Use pytorch device_name: cpu
2025-03-28 18:19:15,136 - sentence_transformers.SentenceTransformer - INFO - Load pretrained SentenceTransformer: all-MiniLM-L6-v2
2025-03-28 18:19:15,136 - sentence_transformers.SentenceTransformer - INFO - Load pretrained SentenceTransformer: all-MiniLM-L6-v2
2025-03-28 18:19:15,136 - sentence_transformers.SentenceTransformer - INFO - Load pretrained SentenceTransformer: all-MiniLM-L6-v2
2025-03-28 18:19:21,896 - root - INFO - Computed SBERT similarity scores for 50 jobs.
2025-03-28 18:19:21,896 - root - INFO - Computed SBERT similarity scores for 50 jobs.
2025-03-28 18:19:21,896 - root - INFO - Computed SBERT similarity scores for 50 jobs.
2025-03-28 18:19:21,908 - root - INFO - Updated SBERT similarity scores for 50 jobs.
2025-03-28 18:19:21,908 - root - INFO - Updated SBERT similarity scores for 50 jobs.
2025-03-28 18:19:21,908 - root - INFO - Updated SBERT similarity scores for 50 jobs.
2025-03-28 18:20:00,757 - root - INFO - Column similarity_score_sbert already exists.
2025-03-28 18:20:00,757 - root - INFO - Column similarity_score_sbert already exists.
2025-03-28 18:20:00,757 - root - INFO - Column similarity_score_sbert already exists.
2025-03-28 18:20:00,757 - root - INFO - Column similarity_score_sbert already exists.
2025-03-28 18:20:00,764 - sentence_transformers.SentenceTransformer - INFO - Use pytorch device_name: cpu
2025-03-28 18:20:00,764 - sentence_transformers.SentenceTransformer - INFO - Use pytorch device_name: cpu
2025-03-28 18:20:00,764 - sentence_transformers.SentenceTransformer - INFO - Use pytorch device_name: cpu
2025-03-28 18:20:00,764 - sentence_transformers.SentenceTransformer - INFO - Use pytorch device_name: cpu
2025-03-28 18:20:00,766 - sentence_transformers.SentenceTransformer - INFO - Load pretrained SentenceTransformer: all-MiniLM-L6-v2
2025-03-28 18:20:00,766 - sentence_transformers.SentenceTransformer - INFO - Load pretrained SentenceTransformer: all-MiniLM-L6-v2
2025-03-28 18:20:00,766 - sentence_transformers.SentenceTransformer - INFO - Load pretrained SentenceTransformer: all-MiniLM-L6-v2
2025-03-28 18:20:00,766 - sentence_transformers.SentenceTransformer - INFO - Load pretrained SentenceTransformer: all-MiniLM-L6-v2
2025-03-28 18:20:02,579 - root - INFO - Computed SBERT similarity scores for 50 jobs.
2025-03-28 18:20:02,579 - root - INFO - Computed SBERT similarity scores for 50 jobs.
2025-03-28 18:20:02,579 - root - INFO - Computed SBERT similarity scores for 50 jobs.
2025-03-28 18:20:02,579 - root - INFO - Computed SBERT similarity scores for 50 jobs.
2025-03-28 18:20:02,581 - root - INFO - Updated SBERT similarity scores for 50 jobs.
2025-03-28 18:20:02,581 - root - INFO - Updated SBERT similarity scores for 50 jobs.
2025-03-28 18:20:02,581 - root - INFO - Updated SBERT similarity scores for 50 jobs.
2025-03-28 18:20:02,581 - root - INFO - Updated SBERT similarity scores for 50 jobs.
2025-03-28 18:23:23,122 - root - INFO - Column similarity_score_sbert already exists.
2025-03-28 18:23:23,122 - root - INFO - Column similarity_score_sbert already exists.
2025-03-28 18:23:23,122 - root - INFO - Column similarity_score_sbert already exists.
2025-03-28 18:23:23,122 - root - INFO - Column similarity_score_sbert already exists.
2025-03-28 18:23:23,122 - root - INFO - Column similarity_score_sbert already exists.
2025-03-28 18:23:23,136 - sentence_transformers.SentenceTransformer - INFO - Use pytorch device_name: cpu
2025-03-28 18:23:23,136 - sentence_transformers.SentenceTransformer - INFO - Use pytorch device_name: cpu
2025-03-28 18:23:23,136 - sentence_transformers.SentenceTransformer - INFO - Use pytorch device_name: cpu
2025-03-28 18:23:23,136 - sentence_transformers.SentenceTransformer - INFO - Use pytorch device_name: cpu
2025-03-28 18:23:23,136 - sentence_transformers.SentenceTransformer - INFO - Use pytorch device_name: cpu
2025-03-28 18:23:23,138 - sentence_transformers.SentenceTransformer - INFO - Load pretrained SentenceTransformer: all-MiniLM-L6-v2
2025-03-28 18:23:23,138 - sentence_transformers.SentenceTransformer - INFO - Load pretrained SentenceTransformer: all-MiniLM-L6-v2
2025-03-28 18:23:23,138 - sentence_transformers.SentenceTransformer - INFO - Load pretrained SentenceTransformer: all-MiniLM-L6-v2
2025-03-28 18:23:23,138 - sentence_transformers.SentenceTransformer - INFO - Load pretrained SentenceTransformer: all-MiniLM-L6-v2
2025-03-28 18:23:23,138 - sentence_transformers.SentenceTransformer - INFO - Load pretrained SentenceTransformer: all-MiniLM-L6-v2
2025-03-28 18:23:25,388 - root - INFO - Computed SBERT similarity scores for 50 jobs.
2025-03-28 18:23:25,388 - root - INFO - Computed SBERT similarity scores for 50 jobs.
2025-03-28 18:23:25,388 - root - INFO - Computed SBERT similarity scores for 50 jobs.
2025-03-28 18:23:25,388 - root - INFO - Computed SBERT similarity scores for 50 jobs.
2025-03-28 18:23:25,388 - root - INFO - Computed SBERT similarity scores for 50 jobs.
2025-03-28 18:23:25,404 - root - INFO - Updated SBERT similarity scores for 50 jobs.
2025-03-28 18:23:25,404 - root - INFO - Updated SBERT similarity scores for 50 jobs.
2025-03-28 18:23:25,404 - root - INFO - Updated SBERT similarity scores for 50 jobs.
2025-03-28 18:23:25,404 - root - INFO - Updated SBERT similarity scores for 50 jobs.
2025-03-28 18:23:25,404 - root - INFO - Updated SBERT similarity scores for 50 jobs.
2025-03-28 18:43:11,491 - root - INFO - Starting the full job scraping and resume matching pipeline...
2025-03-28 18:43:11,491 - root - INFO - Starting the full job scraping and resume matching pipeline...
2025-03-28 18:43:11,491 - root - INFO - Starting the full job scraping and resume matching pipeline...
2025-03-28 18:43:11,491 - root - INFO - Starting the full job scraping and resume matching pipeline...
2025-03-28 18:43:11,491 - root - INFO - Starting the full job scraping and resume matching pipeline...
2025-03-28 18:43:11,491 - root - INFO - Starting the full job scraping and resume matching pipeline...
2025-03-28 18:43:11,491 - root - INFO - Starting the full job scraping and resume matching pipeline...
2025-03-28 18:43:11,499 - root - INFO - Starting job search for finance/trading/portfolio management/investment positions...
2025-03-28 18:43:11,499 - root - INFO - Starting job search for finance/trading/portfolio management/investment positions...
2025-03-28 18:43:11,499 - root - INFO - Starting job search for finance/trading/portfolio management/investment positions...
2025-03-28 18:43:11,499 - root - INFO - Starting job search for finance/trading/portfolio management/investment positions...
2025-03-28 18:43:11,499 - root - INFO - Starting job search for finance/trading/portfolio management/investment positions...
2025-03-28 18:43:11,499 - root - INFO - Starting job search for finance/trading/portfolio management/investment positions...
2025-03-28 18:43:11,499 - root - INFO - Starting job search for finance/trading/portfolio management/investment positions...
2025-03-28 18:43:11,526 - root - INFO - Jobs table created or already exists.
2025-03-28 18:43:11,526 - root - INFO - Jobs table created or already exists.
2025-03-28 18:43:11,526 - root - INFO - Jobs table created or already exists.
2025-03-28 18:43:11,526 - root - INFO - Jobs table created or already exists.
2025-03-28 18:43:11,526 - root - INFO - Jobs table created or already exists.
2025-03-28 18:43:11,526 - root - INFO - Jobs table created or already exists.
2025-03-28 18:43:11,526 - root - INFO - Jobs table created or already exists.
2025-03-28 18:43:11,528 - root - INFO - Searching for jobs with query: 'quantitative trading'
2025-03-28 18:43:11,528 - root - INFO - Searching for jobs with query: 'quantitative trading'
2025-03-28 18:43:11,528 - root - INFO - Searching for jobs with query: 'quantitative trading'
2025-03-28 18:43:11,528 - root - INFO - Searching for jobs with query: 'quantitative trading'
2025-03-28 18:43:11,528 - root - INFO - Searching for jobs with query: 'quantitative trading'
2025-03-28 18:43:11,528 - root - INFO - Searching for jobs with query: 'quantitative trading'
2025-03-28 18:43:11,528 - root - INFO - Searching for jobs with query: 'quantitative trading'
2025-03-28 18:43:14,490 - root - INFO - Found 10 jobs for query 'quantitative trading'
2025-03-28 18:43:14,490 - root - INFO - Found 10 jobs for query 'quantitative trading'
2025-03-28 18:43:14,490 - root - INFO - Found 10 jobs for query 'quantitative trading'
2025-03-28 18:43:14,490 - root - INFO - Found 10 jobs for query 'quantitative trading'
2025-03-28 18:43:14,490 - root - INFO - Found 10 jobs for query 'quantitative trading'
2025-03-28 18:43:14,490 - root - INFO - Found 10 jobs for query 'quantitative trading'
2025-03-28 18:43:14,490 - root - INFO - Found 10 jobs for query 'quantitative trading'
2025-03-28 18:43:14,508 - root - INFO - Inserted 10 jobs for query 'quantitative trading' into the database.
2025-03-28 18:43:14,508 - root - INFO - Inserted 10 jobs for query 'quantitative trading' into the database.
2025-03-28 18:43:14,508 - root - INFO - Inserted 10 jobs for query 'quantitative trading' into the database.
2025-03-28 18:43:14,508 - root - INFO - Inserted 10 jobs for query 'quantitative trading' into the database.
2025-03-28 18:43:14,508 - root - INFO - Inserted 10 jobs for query 'quantitative trading' into the database.
2025-03-28 18:43:14,508 - root - INFO - Inserted 10 jobs for query 'quantitative trading' into the database.
2025-03-28 18:43:14,508 - root - INFO - Inserted 10 jobs for query 'quantitative trading' into the database.
2025-03-28 18:43:14,510 - root - INFO - Job scraping and database insertion complete.
2025-03-28 18:43:14,510 - root - INFO - Job scraping and database insertion complete.
2025-03-28 18:43:14,510 - root - INFO - Job scraping and database insertion complete.
2025-03-28 18:43:14,510 - root - INFO - Job scraping and database insertion complete.
2025-03-28 18:43:14,510 - root - INFO - Job scraping and database insertion complete.
2025-03-28 18:43:14,510 - root - INFO - Job scraping and database insertion complete.
2025-03-28 18:43:14,510 - root - INFO - Job scraping and database insertion complete.
2025-03-28 18:43:14,761 - root - INFO - Updating SBERT similarity scores...
2025-03-28 18:43:14,761 - root - INFO - Updating SBERT similarity scores...
2025-03-28 18:43:14,761 - root - INFO - Updating SBERT similarity scores...
2025-03-28 18:43:14,761 - root - INFO - Updating SBERT similarity scores...
2025-03-28 18:43:14,761 - root - INFO - Updating SBERT similarity scores...
2025-03-28 18:43:14,761 - root - INFO - Updating SBERT similarity scores...
2025-03-28 18:43:14,761 - root - INFO - Updating SBERT similarity scores...
2025-03-28 18:43:14,765 - root - INFO - Column similarity_score_sbert already exists.
2025-03-28 18:43:14,765 - root - INFO - Column similarity_score_sbert already exists.
2025-03-28 18:43:14,765 - root - INFO - Column similarity_score_sbert already exists.
2025-03-28 18:43:14,765 - root - INFO - Column similarity_score_sbert already exists.
2025-03-28 18:43:14,765 - root - INFO - Column similarity_score_sbert already exists.
2025-03-28 18:43:14,765 - root - INFO - Column similarity_score_sbert already exists.
2025-03-28 18:43:14,765 - root - INFO - Column similarity_score_sbert already exists.
2025-03-28 18:43:14,782 - sentence_transformers.SentenceTransformer - INFO - Use pytorch device_name: cpu
2025-03-28 18:43:14,782 - sentence_transformers.SentenceTransformer - INFO - Use pytorch device_name: cpu
2025-03-28 18:43:14,782 - sentence_transformers.SentenceTransformer - INFO - Use pytorch device_name: cpu
2025-03-28 18:43:14,782 - sentence_transformers.SentenceTransformer - INFO - Use pytorch device_name: cpu
2025-03-28 18:43:14,782 - sentence_transformers.SentenceTransformer - INFO - Use pytorch device_name: cpu
2025-03-28 18:43:14,782 - sentence_transformers.SentenceTransformer - INFO - Use pytorch device_name: cpu
2025-03-28 18:43:14,782 - sentence_transformers.SentenceTransformer - INFO - Use pytorch device_name: cpu
2025-03-28 18:43:14,783 - sentence_transformers.SentenceTransformer - INFO - Load pretrained SentenceTransformer: all-MiniLM-L6-v2
2025-03-28 18:43:14,783 - sentence_transformers.SentenceTransformer - INFO - Load pretrained SentenceTransformer: all-MiniLM-L6-v2
2025-03-28 18:43:14,783 - sentence_transformers.SentenceTransformer - INFO - Load pretrained SentenceTransformer: all-MiniLM-L6-v2
2025-03-28 18:43:14,783 - sentence_transformers.SentenceTransformer - INFO - Load pretrained SentenceTransformer: all-MiniLM-L6-v2
2025-03-28 18:43:14,783 - sentence_transformers.SentenceTransformer - INFO - Load pretrained SentenceTransformer: all-MiniLM-L6-v2
2025-03-28 18:43:14,783 - sentence_transformers.SentenceTransformer - INFO - Load pretrained SentenceTransformer: all-MiniLM-L6-v2
2025-03-28 18:43:14,783 - sentence_transformers.SentenceTransformer - INFO - Load pretrained SentenceTransformer: all-MiniLM-L6-v2
2025-03-28 18:43:22,492 - numexpr.utils - INFO - Note: NumExpr detected 20 cores but "NUMEXPR_MAX_THREADS" not set, so enforcing safe limit of 8.
2025-03-28 18:43:22,492 - numexpr.utils - INFO - NumExpr defaulting to 8 threads.
2025-03-28 18:43:28,980 - root - INFO - Starting the full job scraping and resume matching pipeline...
2025-03-28 18:43:28,980 - root - INFO - Starting the full job scraping and resume matching pipeline...
2025-03-28 18:43:28,980 - root - INFO - Starting the full job scraping and resume matching pipeline...
2025-03-28 18:43:28,981 - root - INFO - Starting job search for finance/trading/portfolio management/investment positions...
2025-03-28 18:43:28,981 - root - INFO - Starting job search for finance/trading/portfolio management/investment positions...
2025-03-28 18:43:28,981 - root - INFO - Starting job search for finance/trading/portfolio management/investment positions...
2025-03-28 18:43:28,982 - root - INFO - Jobs table created or already exists.
2025-03-28 18:43:28,982 - root - INFO - Jobs table created or already exists.
2025-03-28 18:43:28,982 - root - INFO - Jobs table created or already exists.
2025-03-28 18:43:28,983 - root - INFO - Searching for jobs with query: 'quantitative trading'
2025-03-28 18:43:28,983 - root - INFO - Searching for jobs with query: 'quantitative trading'
2025-03-28 18:43:28,983 - root - INFO - Searching for jobs with query: 'quantitative trading'
2025-03-28 18:43:33,081 - root - INFO - Found 10 jobs for query 'quantitative trading'
2025-03-28 18:43:33,081 - root - INFO - Found 10 jobs for query 'quantitative trading'
2025-03-28 18:43:33,081 - root - INFO - Found 10 jobs for query 'quantitative trading'
2025-03-28 18:43:33,096 - root - INFO - Inserted 10 jobs for query 'quantitative trading' into the database.
2025-03-28 18:43:33,096 - root - INFO - Inserted 10 jobs for query 'quantitative trading' into the database.
2025-03-28 18:43:33,096 - root - INFO - Inserted 10 jobs for query 'quantitative trading' into the database.
2025-03-28 18:43:33,098 - root - INFO - Job scraping and database insertion complete.
2025-03-28 18:43:33,098 - root - INFO - Job scraping and database insertion complete.
2025-03-28 18:43:33,098 - root - INFO - Job scraping and database insertion complete.
2025-03-28 18:43:33,159 - root - INFO - Updating SBERT similarity scores...
2025-03-28 18:43:33,159 - root - INFO - Updating SBERT similarity scores...
2025-03-28 18:43:33,159 - root - INFO - Updating SBERT similarity scores...
2025-03-28 18:43:33,160 - root - INFO - Column similarity_score_sbert already exists.
2025-03-28 18:43:33,160 - root - INFO - Column similarity_score_sbert already exists.
2025-03-28 18:43:33,160 - root - INFO - Column similarity_score_sbert already exists.
2025-03-28 18:43:33,163 - sentence_transformers.SentenceTransformer - INFO - Use pytorch device_name: cpu
2025-03-28 18:43:33,163 - sentence_transformers.SentenceTransformer - INFO - Use pytorch device_name: cpu
2025-03-28 18:43:33,163 - sentence_transformers.SentenceTransformer - INFO - Use pytorch device_name: cpu
2025-03-28 18:43:33,164 - sentence_transformers.SentenceTransformer - INFO - Load pretrained SentenceTransformer: all-MiniLM-L6-v2
2025-03-28 18:43:33,164 - sentence_transformers.SentenceTransformer - INFO - Load pretrained SentenceTransformer: all-MiniLM-L6-v2
2025-03-28 18:43:33,164 - sentence_transformers.SentenceTransformer - INFO - Load pretrained SentenceTransformer: all-MiniLM-L6-v2
2025-03-28 18:43:35,886 - root - INFO - Computed SBERT similarity scores for 70 jobs.
2025-03-28 18:43:35,886 - root - INFO - Computed SBERT similarity scores for 70 jobs.
2025-03-28 18:43:35,886 - root - INFO - Computed SBERT similarity scores for 70 jobs.
2025-03-28 18:43:35,899 - root - INFO - Updated SBERT similarity scores for 70 jobs.
2025-03-28 18:43:35,899 - root - INFO - Updated SBERT similarity scores for 70 jobs.
2025-03-28 18:43:35,899 - root - INFO - Updated SBERT similarity scores for 70 jobs.
2025-03-28 18:43:35,900 - root - INFO - Pipeline complete.
2025-03-28 18:43:35,900 - root - INFO - Pipeline complete.
2025-03-28 18:43:35,900 - root - INFO - Pipeline complete.
2025-03-28 18:45:52,226 - root - INFO - Starting the full job scraping and resume matching pipeline...
2025-03-28 18:45:52,226 - root - INFO - Starting the full job scraping and resume matching pipeline...
2025-03-28 18:45:52,226 - root - INFO - Starting the full job scraping and resume matching pipeline...
2025-03-28 18:45:52,226 - root - INFO - Starting the full job scraping and resume matching pipeline...
2025-03-28 18:45:52,228 - root - INFO - Starting job search for finance/trading/portfolio management/investment positions...
2025-03-28 18:45:52,228 - root - INFO - Starting job search for finance/trading/portfolio management/investment positions...
2025-03-28 18:45:52,228 - root - INFO - Starting job search for finance/trading/portfolio management/investment positions...
2025-03-28 18:45:52,228 - root - INFO - Starting job search for finance/trading/portfolio management/investment positions...
2025-03-28 18:45:52,232 - root - INFO - Jobs table created or already exists.
2025-03-28 18:45:52,232 - root - INFO - Jobs table created or already exists.
2025-03-28 18:45:52,232 - root - INFO - Jobs table created or already exists.
2025-03-28 18:45:52,232 - root - INFO - Jobs table created or already exists.
2025-03-28 18:45:52,234 - root - INFO - Searching for jobs with query: 'quantitative trading'
2025-03-28 18:45:52,234 - root - INFO - Searching for jobs with query: 'quantitative trading'
2025-03-28 18:45:52,234 - root - INFO - Searching for jobs with query: 'quantitative trading'
2025-03-28 18:45:52,234 - root - INFO - Searching for jobs with query: 'quantitative trading'
2025-03-28 18:45:54,945 - root - INFO - Found 10 jobs for query 'quantitative trading'
2025-03-28 18:45:54,945 - root - INFO - Found 10 jobs for query 'quantitative trading'
2025-03-28 18:45:54,945 - root - INFO - Found 10 jobs for query 'quantitative trading'
2025-03-28 18:45:54,945 - root - INFO - Found 10 jobs for query 'quantitative trading'
2025-03-28 18:45:54,960 - root - INFO - Inserted 10 jobs for query 'quantitative trading' into the database.
2025-03-28 18:45:54,960 - root - INFO - Inserted 10 jobs for query 'quantitative trading' into the database.
2025-03-28 18:45:54,960 - root - INFO - Inserted 10 jobs for query 'quantitative trading' into the database.
2025-03-28 18:45:54,960 - root - INFO - Inserted 10 jobs for query 'quantitative trading' into the database.
2025-03-28 18:45:54,963 - root - INFO - Job scraping and database insertion complete.
2025-03-28 18:45:54,963 - root - INFO - Job scraping and database insertion complete.
2025-03-28 18:45:54,963 - root - INFO - Job scraping and database insertion complete.
2025-03-28 18:45:54,963 - root - INFO - Job scraping and database insertion complete.
2025-03-28 18:45:55,051 - root - INFO - Updating SBERT similarity scores...
2025-03-28 18:45:55,051 - root - INFO - Updating SBERT similarity scores...
2025-03-28 18:45:55,051 - root - INFO - Updating SBERT similarity scores...
2025-03-28 18:45:55,051 - root - INFO - Updating SBERT similarity scores...
2025-03-28 18:45:55,053 - root - INFO - Column similarity_score_sbert already exists.
2025-03-28 18:45:55,053 - root - INFO - Column similarity_score_sbert already exists.
2025-03-28 18:45:55,053 - root - INFO - Column similarity_score_sbert already exists.
2025-03-28 18:45:55,053 - root - INFO - Column similarity_score_sbert already exists.
2025-03-28 18:45:55,059 - sentence_transformers.SentenceTransformer - INFO - Use pytorch device_name: cpu
2025-03-28 18:45:55,059 - sentence_transformers.SentenceTransformer - INFO - Use pytorch device_name: cpu
2025-03-28 18:45:55,059 - sentence_transformers.SentenceTransformer - INFO - Use pytorch device_name: cpu
2025-03-28 18:45:55,059 - sentence_transformers.SentenceTransformer - INFO - Use pytorch device_name: cpu
2025-03-28 18:45:55,060 - sentence_transformers.SentenceTransformer - INFO - Load pretrained SentenceTransformer: all-MiniLM-L6-v2
2025-03-28 18:45:55,060 - sentence_transformers.SentenceTransformer - INFO - Load pretrained SentenceTransformer: all-MiniLM-L6-v2
2025-03-28 18:45:55,060 - sentence_transformers.SentenceTransformer - INFO - Load pretrained SentenceTransformer: all-MiniLM-L6-v2
2025-03-28 18:45:55,060 - sentence_transformers.SentenceTransformer - INFO - Load pretrained SentenceTransformer: all-MiniLM-L6-v2
2025-03-28 18:45:57,345 - root - INFO - Computed SBERT similarity scores for 80 jobs.
2025-03-28 18:45:57,345 - root - INFO - Computed SBERT similarity scores for 80 jobs.
2025-03-28 18:45:57,345 - root - INFO - Computed SBERT similarity scores for 80 jobs.
2025-03-28 18:45:57,345 - root - INFO - Computed SBERT similarity scores for 80 jobs.
2025-03-28 18:45:57,984 - root - INFO - Updated SBERT similarity scores for 80 jobs.
2025-03-28 18:45:57,984 - root - INFO - Updated SBERT similarity scores for 80 jobs.
2025-03-28 18:45:57,984 - root - INFO - Updated SBERT similarity scores for 80 jobs.
2025-03-28 18:45:57,984 - root - INFO - Updated SBERT similarity scores for 80 jobs.
2025-03-28 18:45:57,988 - root - INFO - Pipeline complete.
2025-03-28 18:45:57,988 - root - INFO - Pipeline complete.
2025-03-28 18:45:57,988 - root - INFO - Pipeline complete.
2025-03-28 18:45:57,988 - root - INFO - Pipeline complete.
2025-03-28 19:02:23,042 - root - INFO - Starting job scraping using all JSearch endpoints...
2025-03-28 19:02:23,042 - root - INFO - Starting job scraping using all JSearch endpoints...
2025-03-28 19:02:23,042 - root - INFO - Starting job scraping using all JSearch endpoints...
2025-03-28 19:02:23,042 - root - INFO - Starting job scraping using all JSearch endpoints...
2025-03-28 19:02:23,042 - root - INFO - Starting job scraping using all JSearch endpoints...
2025-03-28 19:02:23,069 - root - INFO - Jobs table created or already exists.
2025-03-28 19:02:23,069 - root - INFO - Jobs table created or already exists.
2025-03-28 19:02:23,069 - root - INFO - Jobs table created or already exists.
2025-03-28 19:02:23,069 - root - INFO - Jobs table created or already exists.
2025-03-28 19:02:23,069 - root - INFO - Jobs table created or already exists.
2025-03-28 19:02:25,826 - root - INFO - Found 10 jobs for query 'quantitative trading'.
2025-03-28 19:02:25,826 - root - INFO - Found 10 jobs for query 'quantitative trading'.
2025-03-28 19:02:25,826 - root - INFO - Found 10 jobs for query 'quantitative trading'.
2025-03-28 19:02:25,826 - root - INFO - Found 10 jobs for query 'quantitative trading'.
2025-03-28 19:02:25,826 - root - INFO - Found 10 jobs for query 'quantitative trading'.
2025-03-28 19:02:25,832 - root - ERROR - Error inserting job: table jobs has no column named jsearch_job_id
2025-03-28 19:02:25,832 - root - ERROR - Error inserting job: table jobs has no column named jsearch_job_id
2025-03-28 19:02:25,832 - root - ERROR - Error inserting job: table jobs has no column named jsearch_job_id
2025-03-28 19:02:25,832 - root - ERROR - Error inserting job: table jobs has no column named jsearch_job_id
2025-03-28 19:02:25,832 - root - ERROR - Error inserting job: table jobs has no column named jsearch_job_id
2025-03-28 19:02:25,860 - root - ERROR - Error inserting job: table jobs has no column named jsearch_job_id
2025-03-28 19:02:25,860 - root - ERROR - Error inserting job: table jobs has no column named jsearch_job_id
2025-03-28 19:02:25,860 - root - ERROR - Error inserting job: table jobs has no column named jsearch_job_id
2025-03-28 19:02:25,860 - root - ERROR - Error inserting job: table jobs has no column named jsearch_job_id
2025-03-28 19:02:25,860 - root - ERROR - Error inserting job: table jobs has no column named jsearch_job_id
2025-03-28 19:02:25,861 - root - ERROR - Error inserting job: table jobs has no column named jsearch_job_id
2025-03-28 19:02:25,861 - root - ERROR - Error inserting job: table jobs has no column named jsearch_job_id
2025-03-28 19:02:25,861 - root - ERROR - Error inserting job: table jobs has no column named jsearch_job_id
2025-03-28 19:02:25,861 - root - ERROR - Error inserting job: table jobs has no column named jsearch_job_id
2025-03-28 19:02:25,861 - root - ERROR - Error inserting job: table jobs has no column named jsearch_job_id
2025-03-28 19:02:25,863 - root - ERROR - Error inserting job: table jobs has no column named jsearch_job_id
2025-03-28 19:02:25,863 - root - ERROR - Error inserting job: table jobs has no column named jsearch_job_id
2025-03-28 19:02:25,863 - root - ERROR - Error inserting job: table jobs has no column named jsearch_job_id
2025-03-28 19:02:25,863 - root - ERROR - Error inserting job: table jobs has no column named jsearch_job_id
2025-03-28 19:02:25,863 - root - ERROR - Error inserting job: table jobs has no column named jsearch_job_id
2025-03-28 19:02:25,865 - root - ERROR - Error inserting job: table jobs has no column named jsearch_job_id
2025-03-28 19:02:25,865 - root - ERROR - Error inserting job: table jobs has no column named jsearch_job_id
2025-03-28 19:02:25,865 - root - ERROR - Error inserting job: table jobs has no column named jsearch_job_id
2025-03-28 19:02:25,865 - root - ERROR - Error inserting job: table jobs has no column named jsearch_job_id
2025-03-28 19:02:25,865 - root - ERROR - Error inserting job: table jobs has no column named jsearch_job_id
2025-03-28 19:02:25,867 - root - ERROR - Error inserting job: table jobs has no column named jsearch_job_id
2025-03-28 19:02:25,867 - root - ERROR - Error inserting job: table jobs has no column named jsearch_job_id
2025-03-28 19:02:25,867 - root - ERROR - Error inserting job: table jobs has no column named jsearch_job_id
2025-03-28 19:02:25,867 - root - ERROR - Error inserting job: table jobs has no column named jsearch_job_id
2025-03-28 19:02:25,867 - root - ERROR - Error inserting job: table jobs has no column named jsearch_job_id
2025-03-28 19:02:25,869 - root - ERROR - Error inserting job: table jobs has no column named jsearch_job_id
2025-03-28 19:02:25,869 - root - ERROR - Error inserting job: table jobs has no column named jsearch_job_id
2025-03-28 19:02:25,869 - root - ERROR - Error inserting job: table jobs has no column named jsearch_job_id
2025-03-28 19:02:25,869 - root - ERROR - Error inserting job: table jobs has no column named jsearch_job_id
2025-03-28 19:02:25,869 - root - ERROR - Error inserting job: table jobs has no column named jsearch_job_id
2025-03-28 19:02:25,870 - root - ERROR - Error inserting job: table jobs has no column named jsearch_job_id
2025-03-28 19:02:25,870 - root - ERROR - Error inserting job: table jobs has no column named jsearch_job_id
2025-03-28 19:02:25,870 - root - ERROR - Error inserting job: table jobs has no column named jsearch_job_id
2025-03-28 19:02:25,870 - root - ERROR - Error inserting job: table jobs has no column named jsearch_job_id
2025-03-28 19:02:25,870 - root - ERROR - Error inserting job: table jobs has no column named jsearch_job_id
2025-03-28 19:02:25,871 - root - ERROR - Error inserting job: table jobs has no column named jsearch_job_id
2025-03-28 19:02:25,871 - root - ERROR - Error inserting job: table jobs has no column named jsearch_job_id
2025-03-28 19:02:25,871 - root - ERROR - Error inserting job: table jobs has no column named jsearch_job_id
2025-03-28 19:02:25,871 - root - ERROR - Error inserting job: table jobs has no column named jsearch_job_id
2025-03-28 19:02:25,871 - root - ERROR - Error inserting job: table jobs has no column named jsearch_job_id
2025-03-28 19:02:25,872 - root - ERROR - Error inserting job: table jobs has no column named jsearch_job_id
2025-03-28 19:02:25,872 - root - ERROR - Error inserting job: table jobs has no column named jsearch_job_id
2025-03-28 19:02:25,872 - root - ERROR - Error inserting job: table jobs has no column named jsearch_job_id
2025-03-28 19:02:25,872 - root - ERROR - Error inserting job: table jobs has no column named jsearch_job_id
2025-03-28 19:02:25,872 - root - ERROR - Error inserting job: table jobs has no column named jsearch_job_id
2025-03-28 19:02:29,849 - root - ERROR - Error updating job with details: no such column: details
2025-03-28 19:02:29,849 - root - ERROR - Error updating job with details: no such column: details
2025-03-28 19:02:29,849 - root - ERROR - Error updating job with details: no such column: details
2025-03-28 19:02:29,849 - root - ERROR - Error updating job with details: no such column: details
2025-03-28 19:02:29,849 - root - ERROR - Error updating job with details: no such column: details
2025-03-28 19:02:33,970 - root - ERROR - Error updating job with details: no such column: details
2025-03-28 19:02:33,970 - root - ERROR - Error updating job with details: no such column: details
2025-03-28 19:02:33,970 - root - ERROR - Error updating job with details: no such column: details
2025-03-28 19:02:33,970 - root - ERROR - Error updating job with details: no such column: details
2025-03-28 19:02:33,970 - root - ERROR - Error updating job with details: no such column: details
2025-03-28 19:02:37,471 - root - ERROR - Error updating job with details: no such column: details
2025-03-28 19:02:37,471 - root - ERROR - Error updating job with details: no such column: details
2025-03-28 19:02:37,471 - root - ERROR - Error updating job with details: no such column: details
2025-03-28 19:02:37,471 - root - ERROR - Error updating job with details: no such column: details
2025-03-28 19:02:37,471 - root - ERROR - Error updating job with details: no such column: details
2025-03-28 19:02:41,346 - root - ERROR - Error updating job with details: no such column: details
2025-03-28 19:02:41,346 - root - ERROR - Error updating job with details: no such column: details
2025-03-28 19:02:41,346 - root - ERROR - Error updating job with details: no such column: details
2025-03-28 19:02:41,346 - root - ERROR - Error updating job with details: no such column: details
2025-03-28 19:02:41,346 - root - ERROR - Error updating job with details: no such column: details
2025-03-28 19:02:44,729 - root - ERROR - Error updating job with details: no such column: details
2025-03-28 19:02:44,729 - root - ERROR - Error updating job with details: no such column: details
2025-03-28 19:02:44,729 - root - ERROR - Error updating job with details: no such column: details
2025-03-28 19:02:44,729 - root - ERROR - Error updating job with details: no such column: details
2025-03-28 19:02:44,729 - root - ERROR - Error updating job with details: no such column: details
2025-03-28 19:02:47,842 - root - ERROR - Error updating job with details: no such column: details
2025-03-28 19:02:47,842 - root - ERROR - Error updating job with details: no such column: details
2025-03-28 19:02:47,842 - root - ERROR - Error updating job with details: no such column: details
2025-03-28 19:02:47,842 - root - ERROR - Error updating job with details: no such column: details
2025-03-28 19:02:47,842 - root - ERROR - Error updating job with details: no such column: details
2025-03-28 19:03:13,017 - root - INFO - Starting job scraping using all JSearch endpoints...
2025-03-28 19:03:13,052 - root - INFO - Jobs table created or already exists.
2025-03-28 19:03:16,774 - root - INFO - Found 10 jobs for query 'quantitative trading'.
2025-03-28 19:03:56,400 - root - INFO - Job scraping and endpoint extraction complete.
2025-03-28 19:09:23,595 - numexpr.utils - INFO - Note: NumExpr detected 20 cores but "NUMEXPR_MAX_THREADS" not set, so enforcing safe limit of 8.
2025-03-28 19:09:23,597 - numexpr.utils - INFO - NumExpr defaulting to 8 threads.
2025-03-28 19:09:30,033 - root - INFO - Starting the full job scraping and resume matching pipeline...
2025-03-28 19:09:30,034 - root - INFO - Running job scraping module...
2025-03-28 19:09:30,034 - root - INFO - Starting job scraping using all JSearch endpoints...
2025-03-28 19:09:30,043 - root - INFO - Jobs table created or already exists.
2025-03-28 19:09:33,132 - root - INFO - Found 10 jobs for query 'quantitative trading'.
2025-03-28 19:10:11,466 - root - INFO - Job scraping and endpoint extraction complete.
2025-03-28 19:10:11,466 - root - INFO - Updating TF-IDF similarity scores...
2025-03-28 19:10:11,492 - root - INFO - Computed TF-IDF similarity scores for 10 jobs.
2025-03-28 19:10:11,503 - root - INFO - Updated TF-IDF similarity scores for 10 jobs.
2025-03-28 19:10:11,503 - root - INFO - Updating SBERT similarity scores...
2025-03-28 19:10:11,506 - root - INFO - Column similarity_score_sbert already exists.
2025-03-28 19:10:11,509 - sentence_transformers.SentenceTransformer - INFO - Use pytorch device_name: cpu
2025-03-28 19:10:11,509 - sentence_transformers.SentenceTransformer - INFO - Load pretrained SentenceTransformer: all-MiniLM-L6-v2
2025-03-28 19:10:15,329 - root - INFO - Computed SBERT similarity scores for 10 jobs.
2025-03-28 19:10:15,338 - root - INFO - Updated SBERT similarity scores for 10 jobs.
2025-03-28 19:10:15,339 - root - INFO - Pipeline complete.
2025-03-28 19:20:25,103 - root - INFO - Loading job data from database for validation...
2025-03-28 19:25:31,254 - root - INFO - Loading job data from database for deep validation...
2025-03-28 19:31:08,385 - root - INFO - Loading job data from database for validation and baseline analysis...
2025-03-28 19:32:11,664 - root - INFO - Loading job data from database for validation and baseline analysis...
2025-03-28 19:35:50,383 - root - INFO - Validation complete.
2025-03-28 19:40:57,250 - root - INFO - Starting the full pipeline...
2025-03-28 19:40:57,253 - root - INFO - Starting job scraping using all JSearch endpoints...
2025-03-28 19:40:57,269 - root - INFO - Jobs table created or already exists.
2025-03-28 19:41:00,855 - root - INFO - Found 10 jobs for query 'quantitative trading'.
2025-03-28 19:41:54,592 - root - INFO - Job scraping and endpoint extraction complete.
2025-03-28 19:41:54,595 - root - INFO - Updating TF-IDF similarity scores...
2025-03-28 19:42:46,104 - root - INFO - Starting the pipeline...
2025-03-28 19:42:46,105 - root - INFO - Starting job scraping using all JSearch endpoints...
2025-03-28 19:42:46,107 - root - INFO - Jobs table created or already exists.
2025-03-28 19:42:48,619 - root - INFO - Found 10 jobs for query 'quantitative trading'.
2025-03-28 19:43:55,729 - root - INFO - Job scraping and endpoint extraction complete.
2025-03-28 19:43:55,731 - root - INFO - Updating TF-IDF similarity scores...
2025-03-28 19:43:55,781 - root - INFO - Computed TF-IDF similarity scores for 12 jobs.
2025-03-28 19:43:55,793 - root - INFO - Updated TF-IDF similarity scores for 12 jobs.
2025-03-28 19:43:55,793 - root - INFO - Updating SBERT similarity scores...
2025-03-28 19:43:55,798 - root - INFO - Column similarity_score_sbert already exists.
2025-03-28 19:43:55,845 - sentence_transformers.SentenceTransformer - INFO - Use pytorch device_name: cpu
2025-03-28 19:43:55,846 - sentence_transformers.SentenceTransformer - INFO - Load pretrained SentenceTransformer: all-MiniLM-L6-v2
2025-03-28 19:43:57,719 - root - INFO - Computed SBERT similarity scores for 12 jobs.
2025-03-28 19:43:57,729 - root - INFO - Updated SBERT similarity scores for 12 jobs.
2025-03-28 19:44:16,274 - root - INFO - Starting the pipeline...
2025-03-28 19:44:16,275 - root - INFO - Starting job scraping using all JSearch endpoints...
2025-03-28 19:44:16,276 - root - INFO - Jobs table created or already exists.
2025-03-28 19:44:18,917 - root - INFO - Found 10 jobs for query 'quantitative trading'.
2025-03-28 19:45:29,474 - root - INFO - Job scraping and endpoint extraction complete.
2025-03-28 19:45:29,475 - root - INFO - Updating TF-IDF similarity scores...
2025-03-28 19:45:29,488 - root - INFO - Computed TF-IDF similarity scores for 12 jobs.
2025-03-28 19:45:29,489 - root - INFO - Updated TF-IDF similarity scores for 12 jobs.
2025-03-28 19:45:29,490 - root - INFO - Updating SBERT similarity scores...
2025-03-28 19:45:29,491 - root - INFO - Column similarity_score_sbert already exists.
2025-03-28 19:45:29,492 - sentence_transformers.SentenceTransformer - INFO - Use pytorch device_name: cpu
2025-03-28 19:45:29,493 - sentence_transformers.SentenceTransformer - INFO - Load pretrained SentenceTransformer: all-MiniLM-L6-v2
2025-03-28 19:45:30,595 - root - INFO - Computed SBERT similarity scores for 12 jobs.
2025-03-28 19:45:30,596 - root - INFO - Updated SBERT similarity scores for 12 jobs.
2025-03-28 19:49:18,314 - root - INFO - Pipeline started.
2025-03-28 19:49:18,316 - root - INFO - Starting job scraping...
2025-03-28 19:49:18,316 - root - INFO - Job scraping complete.
2025-03-28 19:49:18,317 - root - INFO - Updating TF-IDF similarity scores...
2025-03-28 19:49:18,318 - root - INFO - TF-IDF update complete.
2025-03-28 19:49:18,320 - root - INFO - Updating SBERT similarity scores...
2025-03-28 19:49:18,320 - root - INFO - SBERT update complete.
2025-03-28 19:49:18,320 - root - INFO - Starting job analysis...
2025-03-28 19:49:18,321 - root - INFO - Job analysis complete.
2025-03-28 19:49:18,321 - root - INFO - Pipeline complete.
2025-03-28 19:49:48,284 - root - INFO - Pipeline started.
2025-03-28 19:49:48,285 - root - INFO - Starting job scraping...
2025-03-28 19:49:48,285 - root - INFO - Job scraping complete.
2025-03-28 19:49:48,285 - root - INFO - Updating TF-IDF similarity scores...
2025-03-28 19:49:48,286 - root - INFO - TF-IDF update complete.
2025-03-28 19:49:48,286 - root - INFO - Updating SBERT similarity scores...
2025-03-28 19:49:48,286 - root - INFO - SBERT update complete.
2025-03-28 19:49:48,286 - root - INFO - Starting job analysis...
2025-03-28 19:49:48,286 - root - INFO - Job analysis complete.
2025-03-28 19:49:48,287 - root - INFO - Pipeline complete.
2025-03-28 19:55:40,837 - root - INFO - Starting job scraping using all JSearch endpoints...
2025-03-28 19:55:40,857 - root - INFO - Jobs table created or already exists.
2025-03-28 19:55:44,641 - root - INFO - Found 10 jobs for query 'quantitative trading'.
2025-03-28 19:56:03,901 - root - WARNING - Rate limit hit on /estimated-salary. Waiting for 5 seconds...
2025-03-28 19:56:09,107 - root - WARNING - Rate limit hit on /estimated-salary. Waiting for 5 seconds...
2025-03-28 19:56:14,347 - root - WARNING - Rate limit hit on /estimated-salary. Waiting for 5 seconds...
2025-03-28 19:56:19,533 - root - WARNING - Rate limit hit on /company-job-salary. Waiting for 5 seconds...
2025-03-28 19:56:24,719 - root - WARNING - Rate limit hit on /company-job-salary. Waiting for 5 seconds...
2025-03-28 19:56:29,901 - root - WARNING - Rate limit hit on /company-job-salary. Waiting for 5 seconds...
2025-03-28 19:56:35,108 - root - WARNING - Rate limit hit on /job-details. Waiting for 5 seconds...
2025-03-28 19:56:40,318 - root - WARNING - Rate limit hit on /job-details. Waiting for 5 seconds...
2025-03-28 19:56:45,534 - root - WARNING - Rate limit hit on /job-details. Waiting for 5 seconds...
2025-03-28 19:56:50,715 - root - WARNING - Rate limit hit on /estimated-salary. Waiting for 5 seconds...
2025-03-28 19:56:55,937 - root - WARNING - Rate limit hit on /estimated-salary. Waiting for 5 seconds...
2025-03-28 19:57:01,132 - root - WARNING - Rate limit hit on /estimated-salary. Waiting for 5 seconds...
2025-03-28 19:57:06,313 - root - WARNING - Rate limit hit on /company-job-salary. Waiting for 5 seconds...
2025-03-28 19:59:26,013 - numexpr.utils - INFO - Note: NumExpr detected 20 cores but "NUMEXPR_MAX_THREADS" not set, so enforcing safe limit of 8.
2025-03-28 19:59:26,014 - numexpr.utils - INFO - NumExpr defaulting to 8 threads.
2025-03-28 19:59:37,462 - scripts.tfidf_parser - INFO - Computed TF-IDF similarity scores for 12 jobs.
2025-03-28 19:59:37,463 - scripts.tfidf_parser - INFO - Updated TF-IDF similarity scores for 12 jobs.
2025-03-28 19:59:37,464 - root - INFO - Column similarity_score_sbert already exists.
2025-03-28 19:59:37,467 - sentence_transformers.SentenceTransformer - INFO - Use pytorch device_name: cpu
2025-03-28 19:59:37,467 - sentence_transformers.SentenceTransformer - INFO - Load pretrained SentenceTransformer: all-MiniLM-L6-v2
2025-03-28 19:59:39,441 - root - INFO - Computed SBERT similarity scores for 12 jobs.
2025-03-28 19:59:39,442 - root - INFO - Updated SBERT similarity scores for 12 jobs.
2025-03-28 19:59:52,540 - root - INFO - Validation complete.
2025-03-28 20:06:43,646 - scripts.tfidf_parser - INFO - Computed TF-IDF similarity scores for 12 jobs.
2025-03-28 20:06:43,649 - scripts.tfidf_parser - INFO - Updated TF-IDF similarity scores for 12 jobs.
2025-03-28 20:06:43,652 - root - INFO - Column similarity_score_sbert already exists.
2025-03-28 20:06:43,713 - sentence_transformers.SentenceTransformer - INFO - Use pytorch device_name: cpu
2025-03-28 20:06:43,713 - sentence_transformers.SentenceTransformer - INFO - Load pretrained SentenceTransformer: all-MiniLM-L6-v2
2025-03-28 20:06:45,674 - root - INFO - Computed SBERT similarity scores for 12 jobs.
2025-03-28 20:06:45,675 - root - INFO - Updated SBERT similarity scores for 12 jobs.
2025-03-28 20:06:50,311 - root - INFO - Validation complete.
2025-03-28 20:22:33,892 - root - INFO - Validation complete.
2025-03-28 20:33:26,866 - sentence_transformers.SentenceTransformer - INFO - Use pytorch device_name: cpu
2025-03-28 20:33:26,868 - sentence_transformers.SentenceTransformer - INFO - Load pretrained SentenceTransformer: all-MiniLM-L6-v2
2025-03-28 20:33:34,997 - root - INFO - Validation complete.
2025-03-28 20:39:45,651 - scripts.tfidf_parser - INFO - Computed TF-IDF similarity scores for 12 jobs.
2025-03-28 20:39:45,657 - scripts.tfidf_parser - INFO - Updated TF-IDF similarity scores for 12 jobs.
2025-03-28 20:39:45,658 - root - INFO - Column similarity_score_sbert already exists.
2025-03-28 20:39:45,660 - sentence_transformers.SentenceTransformer - INFO - Use pytorch device_name: cpu
2025-03-28 20:39:45,660 - sentence_transformers.SentenceTransformer - INFO - Load pretrained SentenceTransformer: all-MiniLM-L6-v2
2025-03-28 20:39:47,562 - root - INFO - Computed SBERT similarity scores for 12 jobs.
2025-03-28 20:39:47,563 - root - INFO - Updated SBERT similarity scores for 12 jobs.
2025-03-28 20:39:53,160 - sentence_transformers.SentenceTransformer - INFO - Use pytorch device_name: cpu
2025-03-28 20:39:53,160 - sentence_transformers.SentenceTransformer - INFO - Load pretrained SentenceTransformer: all-MiniLM-L6-v2
2025-03-28 20:39:56,527 - root - INFO - Validation complete.
2025-03-28 20:49:21,862 - root - INFO - Table 'parser_results' created or already exists.
2025-03-28 20:49:25,823 - sentence_transformers.SentenceTransformer - INFO - Use pytorch device_name: cpu
2025-03-28 20:49:25,824 - sentence_transformers.SentenceTransformer - INFO - Load pretrained SentenceTransformer: all-MiniLM-L6-v2
2025-03-28 20:49:48,329 - root - INFO - Validation complete.
